<?xml version="1.0" encoding="UTF-8"?>
<testng-results ignored="0" total="1" passed="1" failed="0" skipped="0">
  <reporter-output>
    <line>
      <![CDATA[Setting up configrations and Test is getting ready]]>
    </line>
    <line>
      <![CDATA[Configurations Done- Test Can be started]]>
    </line>
    <line>
      <![CDATA[Trying to start browser & getting application ready]]>
    </line>
    <line>
      <![CDATA[Browser Launched & Application Login page opened]]>
    </line>
    <line>
      <![CDATA[Test is about to end]]>
    </line>
    <line>
      <![CDATA[Test Completed >> Reports Generated]]>
    </line>
  </reporter-output>
  <suite started-at="2022-07-18T16:59:59 IST" name="Default suite" finished-at="2022-07-18T17:00:36 IST" duration-ms="36318">
    <groups>
    </groups>
    <test started-at="2022-07-18T16:59:59 IST" name="Default test" finished-at="2022-07-18T17:00:36 IST" duration-ms="36318">
      <class name="com.learnautomation.testcases.LoginToProviewGroups_Test">
        <test-method is-config="true" signature="setUpSuite()[pri:0, instance:com.learnautomation.testcases.LoginToProviewGroups_Test@272ed83b]" started-at="2022-07-18T16:59:58 IST" name="setUpSuite" finished-at="2022-07-18T16:59:59 IST" duration-ms="1082" status="PASS">
          <reporter-output>
            <line>
              <![CDATA[Setting up configrations and Test is getting ready]]>
            </line>
            <line>
              <![CDATA[Configurations Done- Test Can be started]]>
            </line>
          </reporter-output>
        </test-method> <!-- setUpSuite -->
        <test-method is-config="true" signature="LaunchBrowser()[pri:0, instance:com.learnautomation.testcases.LoginToProviewGroups_Test@272ed83b]" started-at="2022-07-18T16:59:59 IST" name="LaunchBrowser" finished-at="2022-07-18T17:00:17 IST" duration-ms="17637" status="PASS">
          <reporter-output>
            <line>
              <![CDATA[Trying to start browser & getting application ready]]>
            </line>
            <line>
              <![CDATA[Browser Launched & Application Login page opened]]>
            </line>
          </reporter-output>
        </test-method> <!-- LaunchBrowser -->
        <test-method signature="loginApp()[pri:0, instance:com.learnautomation.testcases.LoginToProviewGroups_Test@272ed83b]" started-at="2022-07-18T17:00:17 IST" name="loginApp" finished-at="2022-07-18T17:00:34 IST" duration-ms="17398" status="PASS">
          <reporter-output>
          </reporter-output>
        </test-method> <!-- loginApp -->
        <test-method is-config="true" signature="tearDownMethod(org.testng.ITestResult)[pri:0, instance:com.learnautomation.testcases.LoginToProviewGroups_Test@272ed83b]" started-at="2022-07-18T17:00:34 IST" name="tearDownMethod" finished-at="2022-07-18T17:00:35 IST" duration-ms="660" status="PASS">
          <params>
            <param index="0">
              <value>
                <![CDATA[[TestResult name=loginApp status=SUCCESS method=LoginToProviewGroups_Test.loginApp()[pri:0, instance:com.learnautomation.testcases.LoginToProviewGroups_Test@272ed83b] output={null}]]]>
              </value>
            </param>
          </params>
          <reporter-output>
            <line>
              <![CDATA[Test is about to end]]>
            </line>
            <line>
              <![CDATA[Test Completed >> Reports Generated]]>
            </line>
          </reporter-output>
        </test-method> <!-- tearDownMethod -->
        <test-method is-config="true" signature="closeBrowser()[pri:0, instance:com.learnautomation.testcases.LoginToProviewGroups_Test@272ed83b]" started-at="2022-07-18T17:00:35 IST" name="closeBrowser" finished-at="2022-07-18T17:00:36 IST" duration-ms="575" status="PASS">
          <reporter-output>
          </reporter-output>
        </test-method> <!-- closeBrowser -->
      </class> <!-- com.learnautomation.testcases.LoginToProviewGroups_Test -->
    </test> <!-- Default test -->
  </suite> <!-- Default suite -->
</testng-results>
